2014-09-19T11:03:52.637Z - error: Worker have problem with start! child=deamon
2014-09-19T11:03:52.645Z - error: Worker have problem with start! child=manager
2014-09-19T11:03:53.638Z - error: Worker have problem with start! child=deamon
2014-09-19T11:03:53.639Z - error: Worker have problem with start! child=manager
2014-09-19T11:03:54.640Z - error: Worker have problem with start! child=deamon
2014-09-19T11:03:54.640Z - error: Worker have problem with start! child=manager
2014-09-19T11:03:55.641Z - error: Worker have problem with start! child=deamon
2014-09-19T11:03:55.641Z - error: Worker have problem with start! child=manager
2014-09-19T11:03:56.641Z - error: Worker have problem with start! child=deamon
2014-09-19T11:03:56.641Z - error: Worker have problem with start! child=manager
2014-09-19T11:03:57.641Z - error: Worker have problem with start! child=deamon
2014-09-19T11:03:57.641Z - error: Worker have problem with start! child=manager
2014-09-19T11:03:58.641Z - error: Worker have problem with start! child=deamon
2014-09-19T11:03:58.641Z - error: Worker have problem with start! child=manager
2014-09-19T11:04:35.133Z - error: Worker have problem with start! child=deamon
2014-09-19T11:04:35.139Z - error: Worker have problem with start! child=manager
2014-09-19T11:04:36.143Z - error: Worker have problem with start! child=deamon
2014-09-19T11:04:36.143Z - error: Worker have problem with start! child=manager
2014-09-19T11:04:37.144Z - error: Worker have problem with start! child=deamon
2014-09-19T11:04:37.144Z - error: Worker have problem with start! child=manager
2015-03-28T09:42:52.611Z - error: Worker have problem with start! child=deamon
2015-03-28T09:42:52.614Z - error: Worker have problem with start! child=manager
2015-03-28T09:42:53.611Z - error: Worker have problem with start! child=deamon
2015-03-28T09:42:53.612Z - error: Worker have problem with start! child=manager
2015-03-28T09:42:54.618Z - error: Worker have problem with start! child=deamon
2015-03-28T09:42:54.618Z - error: Worker have problem with start! child=manager
2015-03-28T09:42:55.618Z - error: Worker have problem with start! child=deamon
2015-03-28T09:42:55.618Z - error: Worker have problem with start! child=manager
2015-03-28T09:46:40.329Z - error: Worker have problem with start! child=deamon
2015-03-28T09:46:40.333Z - error: Worker have problem with start! child=manager
2015-03-28T09:46:41.329Z - error: Worker have problem with start! child=deamon
2015-03-28T09:46:41.331Z - error: Worker have problem with start! child=manager
2015-03-28T09:47:35.213Z - error: Worker have problem with start! child=deamon
2015-03-28T09:47:35.217Z - error: Worker have problem with start! child=manager
2015-03-28T09:47:36.218Z - error: Worker have problem with start! child=deamon
2015-03-28T09:47:36.218Z - error: Worker have problem with start! child=manager
2015-03-28T11:13:10.529Z - error: Worker have problem with start! child=deamon
2015-03-28T11:13:11.532Z - error: Worker have problem with start! child=deamon
2015-03-28T11:13:12.535Z - error: Worker have problem with start! child=deamon
2015-03-28T11:14:45.000Z - error: Worker have problem with start! child=deamon
2015-03-28T11:14:46.000Z - error: Worker have problem with start! child=deamon
2015-03-28T11:14:47.006Z - error: Worker have problem with start! child=deamon
2015-03-28T13:39:40.138Z - error: Worker have problem with start! child=deamon
2015-03-28T13:45:01.686Z - error: Worker have problem with start! child=deamon
2015-03-28T13:46:16.172Z - error: Worker have problem with start! child=deamon
2015-03-28T13:48:09.535Z - error: Memory usage limit reached! child=manager
2015-03-28T13:49:18.085Z - error: Memory usage limit reached! child=manager, memory=39743488
2015-03-28T13:49:23.079Z - error: Worker have problem with start! child=manager
2015-03-28T13:49:35.244Z - error: Memory usage limit reached! child=manager, memory=39731200
2015-03-28T13:49:40.240Z - error: Worker have problem with start! child=manager
2015-03-28T13:49:45.241Z - error: Worker have problem with start! child=manager
2015-03-28T13:50:17.382Z - error: Memory usage limit reached! child=manager, memory=40095744
2015-03-28T13:50:22.375Z - error: Worker have problem with start! child=manager
2015-03-28T14:11:31.565Z - error: Worker have problem with start! child=deamon
2015-03-28T14:11:31.570Z - error: Worker have problem with start! child=manager
2015-03-28T15:05:08.736Z - error: Worker have problem with start! child=deamon
2015-03-28T18:50:00.717Z - error: Worker have problem with start! child=webpanel
2015-03-28T22:34:38.868Z - error: Worker latency problem child=deamon
2015-03-28T22:34:43.628Z - error: Worker have problem with start! child=deamon
2015-03-28T22:34:43.629Z - error: Worker have problem with start! child=manager
2015-03-28T22:34:43.629Z - error: Worker have problem with start! child=webpanel
2015-03-28T22:34:48.641Z - error: Worker have problem with start! child=deamon
2015-03-28T22:34:48.641Z - error: Worker have problem with start! child=manager
2015-03-28T22:34:48.641Z - error: Worker have problem with start! child=webpanel
2015-03-28T22:34:53.648Z - error: Worker have problem with start! child=deamon
2015-03-28T22:34:53.649Z - error: Worker have problem with start! child=manager
2015-03-28T22:34:53.649Z - error: Worker have problem with start! child=webpanel
