2014-09-19T11:04:34.696Z - error: uncaughtException: Cannot read property 'length' of undefined 
{ date: 'Fri Sep 19 2014 13:04:34 GMT+0200 (Środkowoeuropejski czas letni)',
  process: 
   { pid: 3768,
     uid: null,
     gid: null,
     cwd: 'c:\\Users\\Wszerad\\WebstormProjects\\heat',
     execPath: 'C:\\Program Files\\nodejs\\node.exe',
     version: 'v0.11.13',
     argv: 
      [ 'C:\\Program Files\\nodejs\\node.exe',
        'c:\\Users\\Wszerad\\WebstormProjects\\heat\\deamon\\deamon.js',
        'deamon',
        '0',
        'master' ],
     memoryUsage: { rss: 25325568, heapTotal: 18652288, heapUsed: 8865376 } },
  os: { loadavg: [ 0, 0, 0 ], uptime: 22799.1172491 },
  trace: 
   [ { column: 22,
       file: 'c:\\Users\\Wszerad\\WebstormProjects\\heat\\node_modules\\winston\\lib\\winston\\logger.js',
       function: 'Logger.log',
       line: 149,
       method: 'log',
       native: false },
     { column: 26,
       file: 'c:\\Users\\Wszerad\\WebstormProjects\\heat\\share\\share.js',
       function: 'System.log',
       line: 446,
       method: 'log',
       native: false },
     { column: 10,
       file: 'c:\\Users\\Wszerad\\WebstormProjects\\heat\\share\\share.js',
       function: null,
       line: 417,
       method: null,
       native: false },
     { column: 19,
       file: 'c:\\Users\\Wszerad\\WebstormProjects\\heat\\node_modules\\knex\\node_modules\\bluebird\\js\\main\\util.js',
       function: 'tryCatch1',
       line: 63,
       method: null,
       native: false },
     { column: 15,
       file: 'c:\\Users\\Wszerad\\WebstormProjects\\heat\\node_modules\\knex\\node_modules\\bluebird\\js\\main\\nodeify.js',
       function: 'Function.Promise$_errorAdapter',
       line: 46,
       method: 'Promise$_errorAdapter',
       native: false },
     { column: 17,
       file: 'c:\\Users\\Wszerad\\WebstormProjects\\heat\\node_modules\\knex\\node_modules\\bluebird\\js\\main\\promise.js',
       function: 'Promise$_settlePromiseFromHandler [as _settlePromiseFromHandler]',
       line: 706,
       method: null,
       native: false },
     { column: 14,
       file: 'c:\\Users\\Wszerad\\WebstormProjects\\heat\\node_modules\\knex\\node_modules\\bluebird\\js\\main\\promise.js',
       function: 'Promise$_settlePromiseAt [as _settlePromiseAt]',
       line: 868,
       method: null,
       native: false },
     { column: 14,
       file: 'c:\\Users\\Wszerad\\WebstormProjects\\heat\\node_modules\\knex\\node_modules\\bluebird\\js\\main\\promise.js',
       function: 'Promise$_settlePromises [as _settlePromises]',
       line: 1006,
       method: null,
       native: false },
     { column: 10,
       file: 'c:\\Users\\Wszerad\\WebstormProjects\\heat\\node_modules\\knex\\node_modules\\bluebird\\js\\main\\promise.js',
       function: 'Promise$_rejectPromises [as _rejectPromises]',
       line: 999,
       method: null,
       native: false },
     { column: 12,
       file: 'c:\\Users\\Wszerad\\WebstormProjects\\heat\\node_modules\\knex\\node_modules\\bluebird\\js\\main\\async.js',
       function: 'Async$_consumeFunctionBuffer [as _consumeFunctionBuffer]',
       line: 74,
       method: null,
       native: false } ],
  stack: 
   [ 'TypeError: Cannot read property \'length\' of undefined',
     '    at Logger.log (c:\\Users\\Wszerad\\WebstormProjects\\heat\\node_modules\\winston\\lib\\winston\\logger.js:149:22)',
     '    at System.log (c:\\Users\\Wszerad\\WebstormProjects\\heat\\share\\share.js:446:26)',
     '    at c:\\Users\\Wszerad\\WebstormProjects\\heat\\share\\share.js:417:10',
     '    at tryCatch1 (c:\\Users\\Wszerad\\WebstormProjects\\heat\\node_modules\\knex\\node_modules\\bluebird\\js\\main\\util.js:63:19)',
     '    at Function.Promise$_errorAdapter (c:\\Users\\Wszerad\\WebstormProjects\\heat\\node_modules\\knex\\node_modules\\bluebird\\js\\main\\nodeify.js:46:15)',
     '    at Promise$_settlePromiseFromHandler [as _settlePromiseFromHandler] (c:\\Users\\Wszerad\\WebstormProjects\\heat\\node_modules\\knex\\node_modules\\bluebird\\js\\main\\promise.js:706:17)',
     '    at Promise$_settlePromiseAt [as _settlePromiseAt] (c:\\Users\\Wszerad\\WebstormProjects\\heat\\node_modules\\knex\\node_modules\\bluebird\\js\\main\\promise.js:868:14)',
     '    at Promise$_settlePromises [as _settlePromises] (c:\\Users\\Wszerad\\WebstormProjects\\heat\\node_modules\\knex\\node_modules\\bluebird\\js\\main\\promise.js:1006:14)',
     '    at Promise$_rejectPromises [as _rejectPromises] (c:\\Users\\Wszerad\\WebstormProjects\\heat\\node_modules\\knex\\node_modules\\bluebird\\js\\main\\promise.js:999:10)',
     '    at Async$_consumeFunctionBuffer [as _consumeFunctionBuffer] (c:\\Users\\Wszerad\\WebstormProjects\\heat\\node_modules\\knex\\node_modules\\bluebird\\js\\main\\async.js:74:12)' ] }
2014-09-19T11:04:34.707Z - error: uncaughtException: Cannot read property 'length' of undefined 
{ date: 'Fri Sep 19 2014 13:04:34 GMT+0200 (Środkowoeuropejski czas letni)',
  process: 
   { pid: 3768,
     uid: null,
     gid: null,
     cwd: 'c:\\Users\\Wszerad\\WebstormProjects\\heat',
     execPath: 'C:\\Program Files\\nodejs\\node.exe',
     version: 'v0.11.13',
     argv: 
      [ 'C:\\Program Files\\nodejs\\node.exe',
        'c:\\Users\\Wszerad\\WebstormProjects\\heat\\deamon\\deamon.js',
        'deamon',
        '0',
        'master' ],
     memoryUsage: { rss: 25772032, heapTotal: 18652288, heapUsed: 9360156 } },
  os: { loadavg: [ 0, 0, 0 ], uptime: 22799.13225 },
  trace: 
   [ { column: 22,
       file: 'c:\\Users\\Wszerad\\WebstormProjects\\heat\\node_modules\\winston\\lib\\winston\\logger.js',
       function: 'Logger.log',
       line: 149,
       method: 'log',
       native: false },
     { column: 26,
       file: 'c:\\Users\\Wszerad\\WebstormProjects\\heat\\share\\share.js',
       function: 'System.log',
       line: 446,
       method: 'log',
       native: false },
     { column: 10,
       file: 'c:\\Users\\Wszerad\\WebstormProjects\\heat\\share\\share.js',
       function: null,
       line: 417,
       method: null,
       native: false },
     { column: 19,
       file: 'c:\\Users\\Wszerad\\WebstormProjects\\heat\\node_modules\\knex\\node_modules\\bluebird\\js\\main\\util.js',
       function: 'tryCatch1',
       line: 63,
       method: null,
       native: false },
     { column: 15,
       file: 'c:\\Users\\Wszerad\\WebstormProjects\\heat\\node_modules\\knex\\node_modules\\bluebird\\js\\main\\nodeify.js',
       function: 'Function.Promise$_errorAdapter',
       line: 46,
       method: 'Promise$_errorAdapter',
       native: false },
     { column: 17,
       file: 'c:\\Users\\Wszerad\\WebstormProjects\\heat\\node_modules\\knex\\node_modules\\bluebird\\js\\main\\promise.js',
       function: 'Promise$_settlePromiseFromHandler [as _settlePromiseFromHandler]',
       line: 706,
       method: null,
       native: false },
     { column: 14,
       file: 'c:\\Users\\Wszerad\\WebstormProjects\\heat\\node_modules\\knex\\node_modules\\bluebird\\js\\main\\promise.js',
       function: 'Promise$_settlePromiseAt [as _settlePromiseAt]',
       line: 868,
       method: null,
       native: false },
     { column: 14,
       file: 'c:\\Users\\Wszerad\\WebstormProjects\\heat\\node_modules\\knex\\node_modules\\bluebird\\js\\main\\promise.js',
       function: 'Promise$_settlePromises [as _settlePromises]',
       line: 1006,
       method: null,
       native: false },
     { column: 10,
       file: 'c:\\Users\\Wszerad\\WebstormProjects\\heat\\node_modules\\knex\\node_modules\\bluebird\\js\\main\\promise.js',
       function: 'Promise$_rejectPromises [as _rejectPromises]',
       line: 999,
       method: null,
       native: false },
     { column: 12,
       file: 'c:\\Users\\Wszerad\\WebstormProjects\\heat\\node_modules\\knex\\node_modules\\bluebird\\js\\main\\async.js',
       function: 'Async$_consumeFunctionBuffer [as _consumeFunctionBuffer]',
       line: 74,
       method: null,
       native: false } ],
  stack: 
   [ 'TypeError: Cannot read property \'length\' of undefined',
     '    at Logger.log (c:\\Users\\Wszerad\\WebstormProjects\\heat\\node_modules\\winston\\lib\\winston\\logger.js:149:22)',
     '    at System.log (c:\\Users\\Wszerad\\WebstormProjects\\heat\\share\\share.js:446:26)',
     '    at c:\\Users\\Wszerad\\WebstormProjects\\heat\\share\\share.js:417:10',
     '    at tryCatch1 (c:\\Users\\Wszerad\\WebstormProjects\\heat\\node_modules\\knex\\node_modules\\bluebird\\js\\main\\util.js:63:19)',
     '    at Function.Promise$_errorAdapter (c:\\Users\\Wszerad\\WebstormProjects\\heat\\node_modules\\knex\\node_modules\\bluebird\\js\\main\\nodeify.js:46:15)',
     '    at Promise$_settlePromiseFromHandler [as _settlePromiseFromHandler] (c:\\Users\\Wszerad\\WebstormProjects\\heat\\node_modules\\knex\\node_modules\\bluebird\\js\\main\\promise.js:706:17)',
     '    at Promise$_settlePromiseAt [as _settlePromiseAt] (c:\\Users\\Wszerad\\WebstormProjects\\heat\\node_modules\\knex\\node_modules\\bluebird\\js\\main\\promise.js:868:14)',
     '    at Promise$_settlePromises [as _settlePromises] (c:\\Users\\Wszerad\\WebstormProjects\\heat\\node_modules\\knex\\node_modules\\bluebird\\js\\main\\promise.js:1006:14)',
     '    at Promise$_rejectPromises [as _rejectPromises] (c:\\Users\\Wszerad\\WebstormProjects\\heat\\node_modules\\knex\\node_modules\\bluebird\\js\\main\\promise.js:999:10)',
     '    at Async$_consumeFunctionBuffer [as _consumeFunctionBuffer] (c:\\Users\\Wszerad\\WebstormProjects\\heat\\node_modules\\knex\\node_modules\\bluebird\\js\\main\\async.js:74:12)' ] }
