2014-09-19T11:04:34.738Z - error: uncaughtException: Cannot read property 'length' of undefined 
{ date: 'Fri Sep 19 2014 13:04:34 GMT+0200 (Środkowoeuropejski czas letni)',
  process: 
   { pid: 3856,
     uid: null,
     gid: null,
     cwd: 'c:\\Users\\Wszerad\\WebstormProjects\\heat',
     execPath: 'C:\\Program Files\\nodejs\\node.exe',
     version: 'v0.11.13',
     argv: 
      [ 'C:\\Program Files\\nodejs\\node.exe',
        'c:\\Users\\Wszerad\\WebstormProjects\\heat\\manager\\manager.js',
        'manager',
        '1',
        'slave' ],
     memoryUsage: { rss: 20312064, heapTotal: 11423104, heapUsed: 7656284 } },
  os: { loadavg: [ 0, 0, 0 ], uptime: 22799.1602516 },
  trace: 
   [ { column: 22,
       file: 'c:\\Users\\Wszerad\\WebstormProjects\\heat\\node_modules\\winston\\lib\\winston\\logger.js',
       function: 'Logger.log',
       line: 149,
       method: 'log',
       native: false },
     { column: 26,
       file: 'c:\\Users\\Wszerad\\WebstormProjects\\heat\\share\\share.js',
       function: 'System.log',
       line: 446,
       method: 'log',
       native: false },
     { column: 9,
       file: 'c:\\Users\\Wszerad\\WebstormProjects\\heat\\share\\share.js',
       function: '',
       line: 225,
       method: null,
       native: false },
     { column: 17,
       file: 'events.js',
       function: 'Socket.EventEmitter.emit',
       line: 107,
       method: 'EventEmitter.emit',
       native: false },
     { column: 14,
       file: 'net.js',
       function: null,
       line: 436,
       method: null,
       native: false },
     { column: 11,
       file: 'node.js',
       function: 'process._tickCallback',
       line: 343,
       method: '_tickCallback',
       native: false } ],
  stack: 
   [ 'TypeError: Cannot read property \'length\' of undefined',
     '    at Logger.log (c:\\Users\\Wszerad\\WebstormProjects\\heat\\node_modules\\winston\\lib\\winston\\logger.js:149:22)',
     '    at System.log (c:\\Users\\Wszerad\\WebstormProjects\\heat\\share\\share.js:446:26)',
     '    at Socket.<anonymous> (c:\\Users\\Wszerad\\WebstormProjects\\heat\\share\\share.js:225:9)',
     '    at Socket.EventEmitter.emit (events.js:107:17)',
     '    at net.js:436:14',
     '    at process._tickCallback (node.js:343:11)' ] }
